<?xml version="1.0" encoding="UTF-8"?>
<!-- Generated by org.testng.reporters.JUnitXMLReporter -->
<testsuite ignored="2" hostname="DESKTOP-9RQ8PI1" failures="0" tests="1" name="Parameter Test one" time="0.052" errors="0" timestamp="2021-01-24T13:55:46 NZDT">
  <testcase classname="seleniumTestNG.ParameterSuiteLevel" name="prameterTestOne" time="0.009"/>
  <testcase classname="seleniumTestNG.ParameterSuiteLevel" name="prameterTestTwo" time="0.0">
    <ignored/>
  </testcase> <!-- prameterTestTwo -->
  <testcase classname="seleniumTestNG.ParameterSuiteLevel" name="prameterTestThree" time="0.0">
    <ignored/>
  </testcase> <!-- prameterTestThree -->
</testsuite> <!-- Parameter Test one -->
