<?xml version="1.0" encoding="UTF-8"?>
<testng-results ignored="0" total="1" passed="1" failed="0" skipped="0">
  <reporter-output>
  </reporter-output>
  <suite started-at="2021-01-30T14:18:51 NZDT" name="Suite" finished-at="2021-01-30T14:19:00 NZDT" duration-ms="8801">
    <groups>
    </groups>
    <test started-at="2021-01-30T14:18:51 NZDT" name="Test" finished-at="2021-01-30T14:19:00 NZDT" duration-ms="8801">
      <class name="seleniumTestPackage.RegisterationTest">
        <test-method is-config="true" signature="setup()[pri:0, instance:seleniumTestPackage.RegisterationTest@78ffe6dc]" started-at="2021-01-30T14:18:51 NZDT" name="setup" finished-at="2021-01-30T14:18:58 NZDT" duration-ms="7055" status="PASS">
          <reporter-output>
          </reporter-output>
        </test-method> <!-- setup -->
        <test-method signature="Registration(java.lang.String, java.lang.String, java.lang.String, java.lang.String, java.lang.String, java.lang.String, java.lang.String, java.lang.String, java.lang.String, java.lang.String)[pri:0, instance:seleniumTestPackage.RegisterationTest@78ffe6dc]" started-at="2021-01-30T14:18:58 NZDT" name="Registration" finished-at="2021-01-30T14:19:00 NZDT" duration-ms="1688" status="PASS">
          <params>
            <param index="0">
              <value>
                <![CDATA[UserFirstName]]>
              </value>
            </param>
            <param index="1">
              <value>
                <![CDATA[LastName]]>
              </value>
            </param>
            <param index="2">
              <value>
                <![CDATA[Street]]>
              </value>
            </param>
            <param index="3">
              <value>
                <![CDATA[City]]>
              </value>
            </param>
            <param index="4">
              <value>
                <![CDATA[State]]>
              </value>
            </param>
            <param index="5">
              <value>
                <![CDATA[Zip]]>
              </value>
            </param>
            <param index="6">
              <value>
                <![CDATA[PhoneNumber]]>
              </value>
            </param>
            <param index="7">
              <value>
                <![CDATA[Ssn]]>
              </value>
            </param>
            <param index="8">
              <value>
                <![CDATA[UserName12345]]>
              </value>
            </param>
            <param index="9">
              <value>
                <![CDATA[Password123]]>
              </value>
            </param>
          </params>
          <reporter-output>
          </reporter-output>
        </test-method> <!-- Registration -->
        <test-method is-config="true" signature="tearDown()[pri:0, instance:seleniumTestPackage.RegisterationTest@78ffe6dc]" started-at="2021-01-30T14:19:00 NZDT" name="tearDown" finished-at="2021-01-30T14:19:00 NZDT" duration-ms="0" status="PASS">
          <reporter-output>
          </reporter-output>
        </test-method> <!-- tearDown -->
      </class> <!-- seleniumTestPackage.RegisterationTest -->
    </test> <!-- Test -->
  </suite> <!-- Suite -->
</testng-results>
